0 info it worked if it ends with ok
1 verbose cli [ '/usr/local/bin/node',
1 verbose cli   '/usr/local/bin/npm',
1 verbose cli   'run',
1 verbose cli   'playground' ]
2 info using npm@3.3.12
3 info using node@v5.5.0
4 verbose run-script [ 'preplayground', 'playground', 'postplayground' ]
5 info lifecycle redocs-example-the-full-works@0.0.0~preplayground: redocs-example-the-full-works@0.0.0
6 silly lifecycle redocs-example-the-full-works@0.0.0~preplayground: no script for preplayground, continuing
7 info lifecycle redocs-example-the-full-works@0.0.0~playground: redocs-example-the-full-works@0.0.0
8 verbose lifecycle redocs-example-the-full-works@0.0.0~playground: unsafe-perm in lifecycle true
9 verbose lifecycle redocs-example-the-full-works@0.0.0~playground: PATH: /usr/local/lib/node_modules/npm/bin/node-gyp-bin:/Users/chris/Projects/redocs/examples/the-full-works/node_modules/.bin:/Library/Frameworks/Python.framework/Versions/3.5/bin:/bin:/sbin:/usr/bin:/usr/local/sbin:/usr/local/bin:/usr/local/bin:/usr/bin:/bin:/usr/sbin:/sbin:/usr/local/MacGPG2/bin
10 verbose lifecycle redocs-example-the-full-works@0.0.0~playground: CWD: /Users/chris/Projects/redocs/examples/the-full-works
11 silly lifecycle redocs-example-the-full-works@0.0.0~playground: Args: [ '-c',
11 silly lifecycle   'webpack-dev-server --content-base dist --config playground.webpack.config.js' ]
12 silly lifecycle redocs-example-the-full-works@0.0.0~playground: Returned: code: 1  signal: null
13 info lifecycle redocs-example-the-full-works@0.0.0~playground: Failed to exec playground script
14 verbose stack Error: redocs-example-the-full-works@0.0.0 playground: `webpack-dev-server --content-base dist --config playground.webpack.config.js`
14 verbose stack Exit status 1
14 verbose stack     at EventEmitter.<anonymous> (/usr/local/lib/node_modules/npm/lib/utils/lifecycle.js:232:16)
14 verbose stack     at emitTwo (events.js:100:13)
14 verbose stack     at EventEmitter.emit (events.js:185:7)
14 verbose stack     at ChildProcess.<anonymous> (/usr/local/lib/node_modules/npm/lib/utils/spawn.js:24:14)
14 verbose stack     at emitTwo (events.js:100:13)
14 verbose stack     at ChildProcess.emit (events.js:185:7)
14 verbose stack     at maybeClose (internal/child_process.js:821:16)
14 verbose stack     at Process.ChildProcess._handle.onexit (internal/child_process.js:211:5)
15 verbose pkgid redocs-example-the-full-works@0.0.0
16 verbose cwd /Users/chris/Projects/redocs/examples/the-full-works
17 error Darwin 14.5.0
18 error argv "/usr/local/bin/node" "/usr/local/bin/npm" "run" "playground"
19 error node v5.5.0
20 error npm  v3.3.12
21 error code ELIFECYCLE
22 error redocs-example-the-full-works@0.0.0 playground: `webpack-dev-server --content-base dist --config playground.webpack.config.js`
22 error Exit status 1
23 error Failed at the redocs-example-the-full-works@0.0.0 playground script 'webpack-dev-server --content-base dist --config playground.webpack.config.js'.
23 error Make sure you have the latest version of node.js and npm installed.
23 error If you do, this is most likely a problem with the redocs-example-the-full-works package,
23 error not with npm itself.
23 error Tell the author that this fails on your system:
23 error     webpack-dev-server --content-base dist --config playground.webpack.config.js
23 error You can get their info via:
23 error     npm owner ls redocs-example-the-full-works
23 error There is likely additional logging output above.
24 verbose exit [ 1, true ]
